<?xml version="1.0" encoding="UTF-8"?>
<testng-results ignored="0" total="1" passed="1" failed="0" skipped="0">
  <reporter-output>
  </reporter-output>
  <suite started-at="2022-10-28T09:27:34 IST" name="Default suite" finished-at="2022-10-28T09:27:38 IST" duration-ms="4006">
    <groups>
    </groups>
    <test started-at="2022-10-28T09:27:34 IST" name="Default test" finished-at="2022-10-28T09:27:38 IST" duration-ms="4006">
      <class name="Fileutilities.LoginToFacebookApp">
        <test-method is-config="true" signature="dbconfig()[pri:0, instance:Fileutilities.LoginToFacebookApp@201a4587]" started-at="2022-10-28T09:27:34 IST" name="dbconfig" finished-at="2022-10-28T09:27:34 IST" duration-ms="7" status="PASS">
          <reporter-output>
          </reporter-output>
        </test-method> <!-- dbconfig -->
        <test-method is-config="true" signature="launchbrowser()[pri:0, instance:Fileutilities.LoginToFacebookApp@201a4587]" started-at="2022-10-28T09:27:34 IST" name="launchbrowser" finished-at="2022-10-28T09:27:36 IST" duration-ms="2232" status="PASS">
          <reporter-output>
          </reporter-output>
        </test-method> <!-- launchbrowser -->
        <test-method is-config="true" signature="LoginToApp()[pri:0, instance:Fileutilities.LoginToFacebookApp@201a4587]" started-at="2022-10-28T09:27:36 IST" name="LoginToApp" finished-at="2022-10-28T09:27:37 IST" duration-ms="1329" status="PASS">
          <reporter-output>
          </reporter-output>
        </test-method> <!-- LoginToApp -->
        <test-method signature="loginToFacebookApp()[pri:0, instance:Fileutilities.LoginToFacebookApp@201a4587]" started-at="2022-10-28T09:27:37 IST" name="loginToFacebookApp" finished-at="2022-10-28T09:27:38 IST" duration-ms="221" status="PASS">
          <reporter-output>
          </reporter-output>
        </test-method> <!-- loginToFacebookApp -->
        <test-method is-config="true" signature="logoutFromApp()[pri:0, instance:Fileutilities.LoginToFacebookApp@201a4587]" started-at="2022-10-28T09:27:38 IST" name="logoutFromApp" finished-at="2022-10-28T09:27:38 IST" duration-ms="0" status="PASS">
          <reporter-output>
          </reporter-output>
        </test-method> <!-- logoutFromApp -->
        <test-method is-config="true" signature="closebrowser()[pri:0, instance:Fileutilities.LoginToFacebookApp@201a4587]" started-at="2022-10-28T09:27:38 IST" name="closebrowser" finished-at="2022-10-28T09:27:38 IST" duration-ms="187" status="PASS">
          <reporter-output>
          </reporter-output>
        </test-method> <!-- closebrowser -->
        <test-method is-config="true" signature="dbclose()[pri:0, instance:Fileutilities.LoginToFacebookApp@201a4587]" started-at="2022-10-28T09:27:38 IST" name="dbclose" finished-at="2022-10-28T09:27:38 IST" duration-ms="1" status="PASS">
          <reporter-output>
          </reporter-output>
        </test-method> <!-- dbclose -->
      </class> <!-- Fileutilities.LoginToFacebookApp -->
    </test> <!-- Default test -->
  </suite> <!-- Default suite -->
</testng-results>
